<?xml version="1.0" encoding="UTF-8"?>
<!-- Generated by org.testng.reporters.JUnitReportReporter -->
<testsuite hostname="LTCH-5CD911212P" failures="0" tests="1" name="com.testRunner.TestRunnerParallel" time="7.508" errors="0" timestamp="2023-09-09T13:12:01 IST" skipped="0">
  <testcase classname="com.testRunner.TestRunnerParallel" name="runScenario" time="7.508"/>
  <system-out/>
</testsuite> <!-- com.testRunner.TestRunnerParallel -->
